2025-09-29 17:50:28 | INFO     | app.utils.logger:setup_logging:71 - Starting Surgical-Optimizer v1.0.0
2025-09-29 17:50:28 | INFO     | app.utils.logger:setup_logging:72 - Environment: development
2025-09-29 17:50:28 | INFO     | app.utils.logger:setup_logging:73 - Debug mode: True
2025-09-29 17:50:28 | INFO     | app.utils.logger:setup_logging:74 - Log level: INFO
2025-09-29 17:52:28 | INFO     | app.utils.logger:setup_logging:71 - Starting Surgical-Optimizer v1.0.0
2025-09-29 17:52:28 | INFO     | app.utils.logger:setup_logging:72 - Environment: development
2025-09-29 17:52:28 | INFO     | app.utils.logger:setup_logging:73 - Debug mode: True
2025-09-29 17:52:28 | INFO     | app.utils.logger:setup_logging:74 - Log level: INFO
2025-09-29 17:52:28 | INFO     | __main__:main:83 - ==================================================
2025-09-29 17:52:28 | INFO     | __main__:main:84 - Database Initialization Starting
2025-09-29 17:52:28 | INFO     | __main__:main:85 - ==================================================
2025-09-29 17:52:28 | INFO     | __main__:main:86 - Database: localhost:5435/surgical_optimizer_db
2025-09-29 17:52:28 | INFO     | __main__:main:89 - 
1. Creating PostgreSQL extensions...
2025-09-29 17:58:34 | INFO     | app.utils.logger:setup_logging:71 - Starting Surgical-Optimizer v1.0.0
2025-09-29 17:58:34 | INFO     | app.utils.logger:setup_logging:72 - Environment: development
2025-09-29 17:58:34 | INFO     | app.utils.logger:setup_logging:73 - Debug mode: True
2025-09-29 17:58:34 | INFO     | app.utils.logger:setup_logging:74 - Log level: INFO
2025-09-29 17:58:34 | INFO     | __main__:main:83 - ==================================================
2025-09-29 17:58:34 | INFO     | __main__:main:84 - Database Initialization Starting
2025-09-29 17:58:34 | INFO     | __main__:main:85 - ==================================================
2025-09-29 17:58:34 | INFO     | __main__:main:86 - Database: localhost:5435/surgical_optimizer_db
2025-09-29 17:58:34 | INFO     | __main__:main:89 - 
1. Creating PostgreSQL extensions...
2025-09-29 17:58:35 | WARNING  | __main__:create_extensions:77 - ⚠ Could not create extension 'uuid-ossp': 'Connection' object has no attribute 'commit'
2025-09-29 18:00:32 | INFO     | app.utils.logger:setup_logging:71 - Starting Surgical-Optimizer v1.0.0
2025-09-29 18:00:32 | INFO     | app.utils.logger:setup_logging:72 - Environment: development
2025-09-29 18:00:32 | INFO     | app.utils.logger:setup_logging:73 - Debug mode: True
2025-09-29 18:00:32 | INFO     | app.utils.logger:setup_logging:74 - Log level: INFO
2025-09-29 18:00:32 | INFO     | __main__:main:94 - ==================================================
2025-09-29 18:00:32 | INFO     | __main__:main:95 - Database Initialization Starting
2025-09-29 18:00:32 | INFO     | __main__:main:96 - ==================================================
2025-09-29 18:00:32 | INFO     | __main__:main:97 - Database: localhost:5435/surgical_optimizer_db
2025-09-29 18:00:32 | INFO     | __main__:main:100 - 
0. Verifying database connection...
2025-09-29 18:00:32 | INFO     | __main__:verify_database_connection:85 - ✓ Database connection verified
2025-09-29 18:00:32 | INFO     | __main__:main:106 - 
1. Creating PostgreSQL extensions...
2025-09-29 18:00:32 | INFO     | __main__:create_extensions:73 - ✓ Extension 'uuid-ossp' created or already exists
2025-09-29 18:00:32 | INFO     | __main__:create_extensions:73 - ✓ Extension 'pgcrypto' created or already exists
2025-09-29 18:00:32 | INFO     | __main__:main:110 - 
2. Creating database schemas...
2025-09-29 18:00:32 | INFO     | __main__:create_schemas:26 - ✓ Schema 'auth' created or already exists
2025-09-29 18:00:32 | INFO     | __main__:create_schemas:26 - ✓ Schema 'hospital' created or already exists
2025-09-29 18:00:32 | INFO     | __main__:create_schemas:26 - ✓ Schema 'training' created or already exists
2025-09-29 18:00:32 | INFO     | __main__:create_schemas:26 - ✓ Schema 'prediction' created or already exists
2025-09-29 18:00:32 | INFO     | __main__:create_schemas:26 - ✓ Schema 'analytics' created or already exists
2025-09-29 18:00:32 | INFO     | __main__:main:114 - 
3. Creating tables from models...
2025-09-29 18:00:32 | INFO     | __main__:create_tables:37 - ✓ All tables created successfully
2025-09-29 18:00:32 | INFO     | __main__:main:119 - 
4. Verifying table creation...
2025-09-29 18:00:32 | INFO     | __main__:verify_tables:60 - ✓ Schema 'auth' contains tables: api_keys, user_sessions, users
2025-09-29 18:00:32 | INFO     | __main__:verify_tables:60 - ✓ Schema 'hospital' contains tables: hospital_configs, hospital_contributions, hospitals
2025-09-29 18:00:32 | INFO     | __main__:verify_tables:60 - ✓ Schema 'training' contains tables: model_versions, training_participants, training_rounds, training_sessions
2025-09-29 18:00:32 | INFO     | __main__:verify_tables:60 - ✓ Schema 'prediction' contains tables: prediction_feedback, predictions, surgical_outcomes
2025-09-29 18:00:32 | INFO     | __main__:main:122 - 
==================================================
2025-09-29 18:00:32 | INFO     | __main__:main:124 - ✓ Database initialization completed successfully!
2025-09-29 18:00:32 | INFO     | __main__:main:125 - 
You can now run Alembic migrations to track schema changes:
2025-09-29 18:00:32 | INFO     | __main__:main:126 -   alembic stamp head  # Mark current schema as up-to-date
2025-09-29 18:00:32 | INFO     | __main__:main:127 -   alembic revision --autogenerate -m 'Your message'  # Create new migrations
2025-09-29 18:24:01 | INFO     | app.utils.logger:setup_logging:71 - Starting Surgical-Optimizer v1.0.0
2025-09-29 18:24:01 | INFO     | app.utils.logger:setup_logging:72 - Environment: development
2025-09-29 18:24:01 | INFO     | app.utils.logger:setup_logging:73 - Debug mode: True
2025-09-29 18:24:01 | INFO     | app.utils.logger:setup_logging:74 - Log level: INFO
2025-09-29 18:24:02 | INFO     | app.db.redis_client:_connect:45 - Successfully connected to Redis
2025-09-29 18:24:02 | INFO     | app.main:lifespan:24 - Starting up Surgical Optimizer application...
2025-09-29 18:24:02 | INFO     | app.db.base:init_db:78 - Database tables created successfully
2025-09-29 18:24:02 | INFO     | app.main:lifespan:29 - Database initialized successfully
2025-09-29 18:24:02 | INFO     | app.main:lifespan:36 - Redis connection established
2025-09-29 18:24:02 | INFO     | app.main:lifespan:40 - Application startup complete
2025-09-29 18:51:31 | INFO     | app.main:lifespan:45 - Shutting down application...
2025-09-29 18:51:31 | INFO     | app.db.redis_client:close:185 - Redis connection closed
2025-09-29 18:51:31 | INFO     | app.main:lifespan:53 - Application shutdown complete
2025-09-29 18:51:32 | INFO     | app.utils.logger:setup_logging:71 - Starting Surgical-Optimizer v1.0.0
2025-09-29 18:51:32 | INFO     | app.utils.logger:setup_logging:72 - Environment: development
2025-09-29 18:51:32 | INFO     | app.utils.logger:setup_logging:73 - Debug mode: True
2025-09-29 18:51:32 | INFO     | app.utils.logger:setup_logging:74 - Log level: INFO
2025-09-29 18:51:32 | INFO     | app.db.redis_client:_connect:45 - Successfully connected to Redis
2025-09-29 18:51:32 | INFO     | app.main:lifespan:24 - Starting up Surgical Optimizer application...
2025-09-29 18:51:32 | INFO     | app.db.base:init_db:78 - Database tables created successfully
2025-09-29 18:51:32 | INFO     | app.main:lifespan:29 - Database initialized successfully
2025-09-29 18:51:32 | INFO     | app.main:lifespan:36 - Redis connection established
2025-09-29 18:51:32 | INFO     | app.main:lifespan:40 - Application startup complete
2025-09-29 18:51:33 | INFO     | app.utils.logger:setup_logging:71 - Starting Surgical-Optimizer v1.0.0
2025-09-29 18:51:33 | INFO     | app.utils.logger:setup_logging:72 - Environment: development
2025-09-29 18:51:33 | INFO     | app.utils.logger:setup_logging:73 - Debug mode: True
2025-09-29 18:51:33 | INFO     | app.utils.logger:setup_logging:74 - Log level: INFO
2025-09-29 18:51:33 | INFO     | app.db.redis_client:_connect:45 - Successfully connected to Redis
2025-09-29 18:51:33 | INFO     | app.main:lifespan:24 - Starting up Surgical Optimizer application...
2025-09-29 18:51:34 | INFO     | app.db.base:init_db:78 - Database tables created successfully
2025-09-29 18:51:34 | INFO     | app.main:lifespan:29 - Database initialized successfully
2025-09-29 18:51:34 | INFO     | app.main:lifespan:36 - Redis connection established
2025-09-29 18:51:34 | INFO     | app.main:lifespan:40 - Application startup complete
2025-09-29 18:53:42 | INFO     | app.main:lifespan:45 - Shutting down application...
2025-09-29 18:53:42 | INFO     | app.db.redis_client:close:185 - Redis connection closed
2025-09-29 18:53:42 | INFO     | app.main:lifespan:53 - Application shutdown complete
2025-09-29 18:53:43 | INFO     | app.utils.logger:setup_logging:71 - Starting Surgical-Optimizer v1.0.0
2025-09-29 18:53:43 | INFO     | app.utils.logger:setup_logging:72 - Environment: development
2025-09-29 18:53:43 | INFO     | app.utils.logger:setup_logging:73 - Debug mode: True
2025-09-29 18:53:43 | INFO     | app.utils.logger:setup_logging:74 - Log level: INFO
2025-09-29 18:53:43 | INFO     | app.db.redis_client:_connect:45 - Successfully connected to Redis
2025-09-29 18:53:43 | INFO     | app.main:lifespan:24 - Starting up Surgical Optimizer application...
2025-09-29 18:53:44 | INFO     | app.db.base:init_db:78 - Database tables created successfully
2025-09-29 18:53:44 | INFO     | app.main:lifespan:29 - Database initialized successfully
2025-09-29 18:53:44 | INFO     | app.main:lifespan:36 - Redis connection established
2025-09-29 18:53:44 | INFO     | app.main:lifespan:40 - Application startup complete
2025-09-29 18:53:44 | INFO     | app.utils.logger:setup_logging:71 - Starting Surgical-Optimizer v1.0.0
2025-09-29 18:53:44 | INFO     | app.utils.logger:setup_logging:72 - Environment: development
2025-09-29 18:53:44 | INFO     | app.utils.logger:setup_logging:73 - Debug mode: True
2025-09-29 18:53:44 | INFO     | app.utils.logger:setup_logging:74 - Log level: INFO
2025-09-29 18:53:44 | INFO     | app.db.redis_client:_connect:45 - Successfully connected to Redis
2025-09-29 18:53:44 | INFO     | app.main:lifespan:24 - Starting up Surgical Optimizer application...
2025-09-29 18:53:45 | INFO     | app.db.base:init_db:78 - Database tables created successfully
2025-09-29 18:53:45 | INFO     | app.main:lifespan:29 - Database initialized successfully
2025-09-29 18:53:45 | INFO     | app.main:lifespan:36 - Redis connection established
2025-09-29 18:53:45 | INFO     | app.main:lifespan:40 - Application startup complete
2025-09-30 00:06:44 | INFO     | app.main:lifespan:45 - Shutting down application...
2025-09-30 00:06:44 | INFO     | app.db.redis_client:close:185 - Redis connection closed
2025-09-30 00:06:44 | INFO     | app.main:lifespan:53 - Application shutdown complete
2025-09-30 00:15:26 | INFO     | app.utils.logger:setup_logging:71 - Starting Surgical-Optimizer v1.0.0
2025-09-30 00:15:26 | INFO     | app.utils.logger:setup_logging:72 - Environment: development
2025-09-30 00:15:26 | INFO     | app.utils.logger:setup_logging:73 - Debug mode: True
2025-09-30 00:15:26 | INFO     | app.utils.logger:setup_logging:74 - Log level: INFO
2025-09-30 00:15:26 | INFO     | __main__:main:272 - ==================================================
2025-09-30 00:15:26 | INFO     | __main__:main:273 - Generating Mock Surgical Data
2025-09-30 00:15:26 | INFO     | __main__:main:274 - ==================================================
2025-09-30 00:15:26 | INFO     | __main__:main:283 - 
Generating data for Hospital 1...
2025-09-30 00:15:26 | INFO     | __main__:generate_hospital_data:242 - Generated 100 cases for hospital 1
2025-09-30 00:15:26 | INFO     | __main__:generate_hospital_data:243 - Saved to data\hospitals\hospital_1\surgical_cases.json
2025-09-30 00:15:26 | INFO     | __main__:main:283 - 
Generating data for Hospital 2...
2025-09-30 00:15:26 | INFO     | __main__:generate_hospital_data:242 - Generated 100 cases for hospital 2
2025-09-30 00:15:26 | INFO     | __main__:generate_hospital_data:243 - Saved to data\hospitals\hospital_2\surgical_cases.json
2025-09-30 00:15:26 | INFO     | __main__:main:283 - 
Generating data for Hospital 3...
2025-09-30 00:15:26 | INFO     | __main__:generate_hospital_data:242 - Generated 100 cases for hospital 3
2025-09-30 00:15:26 | INFO     | __main__:generate_hospital_data:243 - Saved to data\hospitals\hospital_3\surgical_cases.json
2025-09-30 00:15:26 | INFO     | __main__:main:283 - 
Generating data for Hospital 4...
2025-09-30 00:15:26 | INFO     | __main__:generate_hospital_data:242 - Generated 100 cases for hospital 4
2025-09-30 00:15:26 | INFO     | __main__:generate_hospital_data:243 - Saved to data\hospitals\hospital_4\surgical_cases.json
2025-09-30 00:15:26 | INFO     | __main__:main:288 - 
==================================================
2025-09-30 00:15:26 | INFO     | __main__:main:289 - Generation Summary
2025-09-30 00:15:26 | INFO     | __main__:main:290 - ==================================================
2025-09-30 00:15:26 | INFO     | __main__:main:293 - 
Hospital 1:
2025-09-30 00:15:26 | INFO     | __main__:main:294 -   Total cases: 100
2025-09-30 00:15:26 | INFO     | __main__:main:295 -   Success rate: 92.00%
2025-09-30 00:15:26 | INFO     | __main__:main:296 -   Avg duration: 3.2 hours
2025-09-30 00:15:26 | INFO     | __main__:main:297 -   Avg recovery: 5.7 days
2025-09-30 00:15:26 | INFO     | __main__:main:298 -   Readmission rate: 2.00%
2025-09-30 00:15:26 | INFO     | __main__:main:299 -   Case distribution: {'cardiac': 14, 'orthopedic': 34, 'neurological': 8, 'general': 33, 'oncological': 11}
2025-09-30 00:15:26 | INFO     | __main__:main:293 - 
Hospital 2:
2025-09-30 00:15:26 | INFO     | __main__:main:294 -   Total cases: 100
2025-09-30 00:15:26 | INFO     | __main__:main:295 -   Success rate: 88.00%
2025-09-30 00:15:26 | INFO     | __main__:main:296 -   Avg duration: 3.1 hours
2025-09-30 00:15:26 | INFO     | __main__:main:297 -   Avg recovery: 5.6 days
2025-09-30 00:15:26 | INFO     | __main__:main:298 -   Readmission rate: 1.00%
2025-09-30 00:15:26 | INFO     | __main__:main:299 -   Case distribution: {'cardiac': 10, 'orthopedic': 25, 'neurological': 8, 'general': 38, 'oncological': 19}
2025-09-30 00:15:26 | INFO     | __main__:main:293 - 
Hospital 3:
2025-09-30 00:15:26 | INFO     | __main__:main:294 -   Total cases: 100
2025-09-30 00:15:26 | INFO     | __main__:main:295 -   Success rate: 92.00%
2025-09-30 00:15:26 | INFO     | __main__:main:296 -   Avg duration: 3.2 hours
2025-09-30 00:15:26 | INFO     | __main__:main:297 -   Avg recovery: 6.0 days
2025-09-30 00:15:26 | INFO     | __main__:main:298 -   Readmission rate: 6.00%
2025-09-30 00:15:26 | INFO     | __main__:main:299 -   Case distribution: {'cardiac': 13, 'orthopedic': 23, 'neurological': 15, 'general': 38, 'oncological': 11}
2025-09-30 00:15:26 | INFO     | __main__:main:293 - 
Hospital 4:
2025-09-30 00:15:26 | INFO     | __main__:main:294 -   Total cases: 100
2025-09-30 00:15:26 | INFO     | __main__:main:295 -   Success rate: 95.00%
2025-09-30 00:15:26 | INFO     | __main__:main:296 -   Avg duration: 3.3 hours
2025-09-30 00:15:26 | INFO     | __main__:main:297 -   Avg recovery: 5.9 days
2025-09-30 00:15:26 | INFO     | __main__:main:298 -   Readmission rate: 9.00%
2025-09-30 00:15:26 | INFO     | __main__:main:299 -   Case distribution: {'cardiac': 20, 'orthopedic': 22, 'neurological': 8, 'general': 34, 'oncological': 16}
2025-09-30 00:15:26 | INFO     | __main__:main:301 - 
✓ Mock data generation completed successfully!
2025-09-30 00:15:26 | INFO     | __main__:main:302 - Data saved in: ./data/hospitals/
2025-09-30 00:22:17 | INFO     | app.utils.logger:setup_logging:71 - Starting Surgical-Optimizer v1.0.0
2025-09-30 00:22:17 | INFO     | app.utils.logger:setup_logging:72 - Environment: development
2025-09-30 00:22:17 | INFO     | app.utils.logger:setup_logging:73 - Debug mode: True
2025-09-30 00:22:17 | INFO     | app.utils.logger:setup_logging:74 - Log level: INFO
2025-09-30 00:26:19 | INFO     | app.utils.logger:setup_logging:71 - Starting Surgical-Optimizer v1.0.0
2025-09-30 00:26:19 | INFO     | app.utils.logger:setup_logging:72 - Environment: development
2025-09-30 00:26:19 | INFO     | app.utils.logger:setup_logging:73 - Debug mode: True
2025-09-30 00:26:19 | INFO     | app.utils.logger:setup_logging:74 - Log level: INFO
2025-09-30 00:28:16 | INFO     | app.utils.logger:setup_logging:71 - Starting Surgical-Optimizer v1.0.0
2025-09-30 00:28:16 | INFO     | app.utils.logger:setup_logging:72 - Environment: development
2025-09-30 00:28:16 | INFO     | app.utils.logger:setup_logging:73 - Debug mode: True
2025-09-30 00:28:16 | INFO     | app.utils.logger:setup_logging:74 - Log level: INFO
2025-09-30 00:28:41 | INFO     | app.utils.logger:setup_logging:71 - Starting Surgical-Optimizer v1.0.0
2025-09-30 00:28:41 | INFO     | app.utils.logger:setup_logging:72 - Environment: development
2025-09-30 00:28:41 | INFO     | app.utils.logger:setup_logging:73 - Debug mode: True
2025-09-30 00:28:41 | INFO     | app.utils.logger:setup_logging:74 - Log level: INFO
2025-09-30 00:51:40 | INFO     | app.utils.logger:setup_logging:71 - Starting Surgical-Optimizer v1.0.0
2025-09-30 00:51:40 | INFO     | app.utils.logger:setup_logging:72 - Environment: development
2025-09-30 00:51:40 | INFO     | app.utils.logger:setup_logging:73 - Debug mode: True
2025-09-30 00:51:40 | INFO     | app.utils.logger:setup_logging:74 - Log level: INFO
2025-09-30 00:53:43 | INFO     | app.utils.logger:setup_logging:71 - Starting Surgical-Optimizer v1.0.0
2025-09-30 00:53:43 | INFO     | app.utils.logger:setup_logging:72 - Environment: development
2025-09-30 00:53:43 | INFO     | app.utils.logger:setup_logging:73 - Debug mode: True
2025-09-30 00:53:43 | INFO     | app.utils.logger:setup_logging:74 - Log level: INFO
2025-09-30 01:01:26 | INFO     | app.utils.logger:setup_logging:71 - Starting Surgical-Optimizer v1.0.0
2025-09-30 01:01:26 | INFO     | app.utils.logger:setup_logging:72 - Environment: development
2025-09-30 01:01:26 | INFO     | app.utils.logger:setup_logging:73 - Debug mode: True
2025-09-30 01:01:26 | INFO     | app.utils.logger:setup_logging:74 - Log level: INFO
2025-09-30 10:38:01 | INFO     | app.utils.logger:setup_logging:71 - Starting Surgical-Optimizer v1.0.0
2025-09-30 10:38:01 | INFO     | app.utils.logger:setup_logging:72 - Environment: development
2025-09-30 10:38:01 | INFO     | app.utils.logger:setup_logging:73 - Debug mode: True
2025-09-30 10:38:01 | INFO     | app.utils.logger:setup_logging:74 - Log level: INFO
2025-09-30 10:43:37 | INFO     | app.utils.logger:setup_logging:71 - Starting Surgical-Optimizer v1.0.0
2025-09-30 10:43:37 | INFO     | app.utils.logger:setup_logging:72 - Environment: development
2025-09-30 10:43:37 | INFO     | app.utils.logger:setup_logging:73 - Debug mode: True
2025-09-30 10:43:37 | INFO     | app.utils.logger:setup_logging:74 - Log level: INFO
2025-10-02 14:35:14 | INFO     | app.utils.logger:setup_logging:71 - Starting Surgical-Optimizer v1.0.0
2025-10-02 14:35:14 | INFO     | app.utils.logger:setup_logging:72 - Environment: development
2025-10-02 14:35:14 | INFO     | app.utils.logger:setup_logging:73 - Debug mode: True
2025-10-02 14:35:14 | INFO     | app.utils.logger:setup_logging:74 - Log level: INFO
2025-10-02 15:01:58 | INFO     | app.utils.logger:setup_logging:71 - Starting Surgical-Optimizer v1.0.0
2025-10-02 15:01:58 | INFO     | app.utils.logger:setup_logging:72 - Environment: development
2025-10-02 15:01:58 | INFO     | app.utils.logger:setup_logging:73 - Debug mode: True
2025-10-02 15:01:58 | INFO     | app.utils.logger:setup_logging:74 - Log level: INFO
2025-10-02 15:04:19 | INFO     | app.utils.logger:setup_logging:71 - Starting Surgical-Optimizer v1.0.0
2025-10-02 15:04:19 | INFO     | app.utils.logger:setup_logging:72 - Environment: development
2025-10-02 15:04:19 | INFO     | app.utils.logger:setup_logging:73 - Debug mode: True
2025-10-02 15:04:19 | INFO     | app.utils.logger:setup_logging:74 - Log level: INFO
2025-10-02 15:05:52 | INFO     | app.utils.logger:setup_logging:71 - Starting Surgical-Optimizer v1.0.0
2025-10-02 15:05:52 | INFO     | app.utils.logger:setup_logging:72 - Environment: development
2025-10-02 15:05:52 | INFO     | app.utils.logger:setup_logging:73 - Debug mode: True
2025-10-02 15:05:52 | INFO     | app.utils.logger:setup_logging:74 - Log level: INFO
2025-10-02 15:12:28 | INFO     | app.utils.logger:setup_logging:71 - Starting Surgical-Optimizer v1.0.0
2025-10-02 15:12:28 | INFO     | app.utils.logger:setup_logging:72 - Environment: development
2025-10-02 15:12:28 | INFO     | app.utils.logger:setup_logging:73 - Debug mode: True
2025-10-02 15:12:28 | INFO     | app.utils.logger:setup_logging:74 - Log level: INFO
2025-10-02 15:18:37 | INFO     | app.utils.logger:setup_logging:71 - Starting Surgical-Optimizer v1.0.0
2025-10-02 15:18:37 | INFO     | app.utils.logger:setup_logging:72 - Environment: development
2025-10-02 15:18:37 | INFO     | app.utils.logger:setup_logging:73 - Debug mode: True
2025-10-02 15:18:37 | INFO     | app.utils.logger:setup_logging:74 - Log level: INFO
2025-10-03 13:50:18 | INFO     | app.utils.logger:setup_logging:71 - Starting Surgical-Optimizer v1.0.0
2025-10-03 13:50:18 | INFO     | app.utils.logger:setup_logging:72 - Environment: development
2025-10-03 13:50:18 | INFO     | app.utils.logger:setup_logging:73 - Debug mode: True
2025-10-03 13:50:18 | INFO     | app.utils.logger:setup_logging:74 - Log level: INFO
2025-10-03 13:50:57 | INFO     | app.utils.logger:setup_logging:71 - Starting Surgical-Optimizer v1.0.0
2025-10-03 13:50:57 | INFO     | app.utils.logger:setup_logging:72 - Environment: development
2025-10-03 13:50:57 | INFO     | app.utils.logger:setup_logging:73 - Debug mode: True
2025-10-03 13:50:57 | INFO     | app.utils.logger:setup_logging:74 - Log level: INFO
2025-10-03 13:53:05 | INFO     | app.utils.logger:setup_logging:71 - Starting Surgical-Optimizer v1.0.0
2025-10-03 13:53:05 | INFO     | app.utils.logger:setup_logging:72 - Environment: development
2025-10-03 13:53:05 | INFO     | app.utils.logger:setup_logging:73 - Debug mode: True
2025-10-03 13:53:05 | INFO     | app.utils.logger:setup_logging:74 - Log level: INFO
2025-10-03 14:02:35 | INFO     | app.utils.logger:setup_logging:71 - Starting Surgical-Optimizer v1.0.0
2025-10-03 14:02:35 | INFO     | app.utils.logger:setup_logging:72 - Environment: development
2025-10-03 14:02:35 | INFO     | app.utils.logger:setup_logging:73 - Debug mode: True
2025-10-03 14:02:35 | INFO     | app.utils.logger:setup_logging:74 - Log level: INFO
2025-10-03 14:02:36 | INFO     | __main__:main:185 - ==================================================
2025-10-03 14:02:36 | INFO     | __main__:main:186 - FL Components Test (Simplified - No TRL)
2025-10-03 14:02:36 | INFO     | __main__:main:187 - ==================================================
2025-10-03 14:02:36 | INFO     | __main__:main:200 - 
Mock Data Files:
2025-10-03 14:02:36 | INFO     | __main__:main:201 - ------------------------------
2025-10-03 14:02:36 | INFO     | __main__:test_mock_data_exists:18 - Testing mock data existence...
2025-10-03 14:02:36 | INFO     | __main__:test_mock_data_exists:27 - ✓ Hospital 1: 100 cases found
2025-10-03 14:02:36 | INFO     | __main__:test_mock_data_exists:27 - ✓ Hospital 2: 100 cases found
2025-10-03 14:02:36 | INFO     | __main__:test_mock_data_exists:27 - ✓ Hospital 3: 100 cases found
2025-10-03 14:02:36 | INFO     | __main__:test_mock_data_exists:27 - ✓ Hospital 4: 100 cases found
2025-10-03 14:02:36 | INFO     | __main__:main:200 - 
Configuration Files:
2025-10-03 14:02:36 | INFO     | __main__:main:201 - ------------------------------
2025-10-03 14:02:36 | INFO     | __main__:test_config_exists:45 - Testing configuration files...
2025-10-03 14:02:36 | INFO     | __main__:test_config_exists:49 - ✓ Config file exists: app\fl\config\model_config.yaml
2025-10-03 14:02:36 | INFO     | __main__:test_config_exists:56 - ✓ Config file is readable
2025-10-03 14:02:36 | INFO     | __main__:main:200 - 
Database Connection:
2025-10-03 14:02:36 | INFO     | __main__:main:201 - ------------------------------
2025-10-03 14:02:36 | INFO     | __main__:test_database_connection:68 - Testing database connection...
2025-10-03 14:02:36 | ERROR    | __main__:test_database_connection:78 - ✗ Database connection failed: Textual SQL expression 'SELECT 1' should be explicitly declared as text('SELECT 1')
2025-10-03 14:02:36 | INFO     | __main__:test_database_connection:79 -   Make sure PostgreSQL container is running
2025-10-03 14:02:36 | INFO     | __main__:main:200 - 
Hospital Records:
2025-10-03 14:02:36 | INFO     | __main__:main:201 - ------------------------------
2025-10-03 14:02:36 | INFO     | __main__:test_hospitals_in_db:85 - Testing hospital records...
2025-10-03 14:02:36 | INFO     | __main__:test_hospitals_in_db:92 - No hospitals found. Creating test hospitals...
2025-10-03 14:02:36 | INFO     | __main__:test_hospitals_in_db:113 - ✓ Created 4 hospitals
2025-10-03 14:02:36 | INFO     | __main__:test_hospitals_in_db:118 -   - HOSP001: Test Hospital 1
2025-10-03 14:02:36 | INFO     | __main__:test_hospitals_in_db:118 -   - HOSP002: Test Hospital 2
2025-10-03 14:02:36 | INFO     | __main__:test_hospitals_in_db:118 -   - HOSP003: Test Hospital 3
2025-10-03 14:02:36 | INFO     | __main__:test_hospitals_in_db:118 -   - HOSP004: Test Hospital 4
2025-10-03 14:02:36 | INFO     | __main__:main:200 - 
Simplified FL Client:
2025-10-03 14:02:36 | INFO     | __main__:main:201 - ------------------------------
2025-10-03 14:02:36 | INFO     | __main__:test_simple_fl_client:129 - Testing simplified FL client...
2025-10-03 14:02:37 | ERROR    | __main__:test_simple_fl_client:153 - ✗ Cannot import simplified client: cannot import name 'ClientApp' from 'flwr.client' (C:\Users\Aman\Documents\Cross-Hospital-Surgical-Optimization\backend\myenv\Lib\site-packages\flwr\client\__init__.py)
2025-10-03 14:02:37 | INFO     | __main__:test_simple_fl_client:154 -   Make sure app/fl/client/client_app_simple.py exists
2025-10-03 14:02:37 | INFO     | __main__:main:200 - 
Training Service:
2025-10-03 14:02:37 | INFO     | __main__:main:201 - ------------------------------
2025-10-03 14:02:37 | INFO     | __main__:test_training_service:163 - Testing training service...
2025-10-03 14:02:37 | INFO     | __main__:test_training_service:167 - ✓ Training service can be imported
2025-10-03 14:02:37 | INFO     | __main__:test_training_service:171 - ✓ Active sessions: 0
2025-10-03 14:02:37 | INFO     | __main__:main:210 - 
==================================================
2025-10-03 14:02:37 | INFO     | __main__:main:211 - Test Summary
2025-10-03 14:02:37 | INFO     | __main__:main:212 - ==================================================
2025-10-03 14:02:37 | INFO     | __main__:main:216 - Mock Data Files: ✓ PASSED
2025-10-03 14:02:37 | INFO     | __main__:main:216 - Configuration Files: ✓ PASSED
2025-10-03 14:02:37 | INFO     | __main__:main:216 - Database Connection: ✗ FAILED
2025-10-03 14:02:37 | INFO     | __main__:main:216 - Hospital Records: ✓ PASSED
2025-10-03 14:02:37 | INFO     | __main__:main:216 - Simplified FL Client: ✗ FAILED
2025-10-03 14:02:37 | INFO     | __main__:main:216 - Training Service: ✓ PASSED
2025-10-03 14:02:37 | INFO     | __main__:main:225 - 
⚠️ Some tests failed
2025-10-03 14:02:37 | INFO     | __main__:main:226 - 
Suggested fixes:
2025-10-03 14:02:37 | INFO     | __main__:main:232 - 2. Start Docker: docker-compose up -d
2025-10-03 14:02:37 | INFO     | __main__:main:235 - 3. Ensure client_app_simple.py was created from earlier steps
2025-10-03 14:07:17 | INFO     | app.utils.logger:setup_logging:71 - Starting Surgical-Optimizer v1.0.0
2025-10-03 14:07:17 | INFO     | app.utils.logger:setup_logging:72 - Environment: development
2025-10-03 14:07:17 | INFO     | app.utils.logger:setup_logging:73 - Debug mode: True
2025-10-03 14:07:17 | INFO     | app.utils.logger:setup_logging:74 - Log level: INFO
2025-10-03 14:07:18 | INFO     | __main__:main:186 - ==================================================
2025-10-03 14:07:18 | INFO     | __main__:main:187 - FL Components Test (Simplified - No TRL)
2025-10-03 14:07:18 | INFO     | __main__:main:188 - ==================================================
2025-10-03 14:07:18 | INFO     | __main__:main:201 - 
Mock Data Files:
2025-10-03 14:07:18 | INFO     | __main__:main:202 - ------------------------------
2025-10-03 14:07:18 | INFO     | __main__:test_mock_data_exists:18 - Testing mock data existence...
2025-10-03 14:07:18 | INFO     | __main__:test_mock_data_exists:27 - ✓ Hospital 1: 100 cases found
2025-10-03 14:07:18 | INFO     | __main__:test_mock_data_exists:27 - ✓ Hospital 2: 100 cases found
2025-10-03 14:07:18 | INFO     | __main__:test_mock_data_exists:27 - ✓ Hospital 3: 100 cases found
2025-10-03 14:07:18 | INFO     | __main__:test_mock_data_exists:27 - ✓ Hospital 4: 100 cases found
2025-10-03 14:07:18 | INFO     | __main__:main:201 - 
Configuration Files:
2025-10-03 14:07:18 | INFO     | __main__:main:202 - ------------------------------
2025-10-03 14:07:18 | INFO     | __main__:test_config_exists:45 - Testing configuration files...
2025-10-03 14:07:18 | INFO     | __main__:test_config_exists:49 - ✓ Config file exists: app\fl\config\model_config.yaml
2025-10-03 14:07:18 | INFO     | __main__:test_config_exists:56 - ✓ Config file is readable
2025-10-03 14:07:18 | INFO     | __main__:main:201 - 
Database Connection:
2025-10-03 14:07:18 | INFO     | __main__:main:202 - ------------------------------
2025-10-03 14:07:18 | INFO     | __main__:test_database_connection:68 - Testing database connection...
2025-10-03 14:07:18 | INFO     | __main__:test_database_connection:76 - ✓ Database connection successful
2025-10-03 14:07:18 | INFO     | __main__:main:201 - 
Hospital Records:
2025-10-03 14:07:18 | INFO     | __main__:main:202 - ------------------------------
2025-10-03 14:07:18 | INFO     | __main__:test_hospitals_in_db:86 - Testing hospital records...
2025-10-03 14:07:18 | INFO     | __main__:test_hospitals_in_db:116 - ✓ Found 4 hospitals
2025-10-03 14:07:18 | INFO     | __main__:test_hospitals_in_db:119 -   - HOSP001: Test Hospital 1
2025-10-03 14:07:18 | INFO     | __main__:test_hospitals_in_db:119 -   - HOSP002: Test Hospital 2
2025-10-03 14:07:18 | INFO     | __main__:test_hospitals_in_db:119 -   - HOSP003: Test Hospital 3
2025-10-03 14:07:18 | INFO     | __main__:test_hospitals_in_db:119 -   - HOSP004: Test Hospital 4
2025-10-03 14:07:18 | INFO     | __main__:main:201 - 
Simplified FL Client:
2025-10-03 14:07:18 | INFO     | __main__:main:202 - ------------------------------
2025-10-03 14:07:18 | INFO     | __main__:test_simple_fl_client:130 - Testing simplified FL client...
2025-10-03 14:07:20 | ERROR    | __main__:test_simple_fl_client:154 - ✗ Cannot import simplified client: cannot import name 'ClientApp' from 'flwr.client' (C:\Users\Aman\Documents\Cross-Hospital-Surgical-Optimization\backend\myenv\Lib\site-packages\flwr\client\__init__.py)
2025-10-03 14:07:20 | INFO     | __main__:test_simple_fl_client:155 -   Make sure app/fl/client/client_app_simple.py exists
2025-10-03 14:07:20 | INFO     | __main__:main:201 - 
Training Service:
2025-10-03 14:07:20 | INFO     | __main__:main:202 - ------------------------------
2025-10-03 14:07:20 | INFO     | __main__:test_training_service:164 - Testing training service...
2025-10-03 14:07:20 | INFO     | __main__:test_training_service:168 - ✓ Training service can be imported
2025-10-03 14:07:20 | INFO     | __main__:test_training_service:172 - ✓ Active sessions: 0
2025-10-03 14:07:20 | INFO     | __main__:main:211 - 
==================================================
2025-10-03 14:07:20 | INFO     | __main__:main:212 - Test Summary
2025-10-03 14:07:20 | INFO     | __main__:main:213 - ==================================================
2025-10-03 14:07:20 | INFO     | __main__:main:217 - Mock Data Files: ✓ PASSED
2025-10-03 14:07:20 | INFO     | __main__:main:217 - Configuration Files: ✓ PASSED
2025-10-03 14:07:20 | INFO     | __main__:main:217 - Database Connection: ✓ PASSED
2025-10-03 14:07:20 | INFO     | __main__:main:217 - Hospital Records: ✓ PASSED
2025-10-03 14:07:20 | INFO     | __main__:main:217 - Simplified FL Client: ✗ FAILED
2025-10-03 14:07:20 | INFO     | __main__:main:217 - Training Service: ✓ PASSED
2025-10-03 14:07:20 | INFO     | __main__:main:226 - 
⚠️ Some tests failed
2025-10-03 14:07:20 | INFO     | __main__:main:227 - 
Suggested fixes:
2025-10-03 14:07:20 | INFO     | __main__:main:236 - 3. Ensure client_app_simple.py was created from earlier steps
2025-10-03 14:16:51 | INFO     | app.utils.logger:setup_logging:71 - Starting Surgical-Optimizer v1.0.0
2025-10-03 14:16:51 | INFO     | app.utils.logger:setup_logging:72 - Environment: development
2025-10-03 14:16:51 | INFO     | app.utils.logger:setup_logging:73 - Debug mode: True
2025-10-03 14:16:51 | INFO     | app.utils.logger:setup_logging:74 - Log level: INFO
2025-10-03 14:16:51 | INFO     | __main__:main:202 - ==================================================
2025-10-03 14:16:51 | INFO     | __main__:main:203 - FL Components Test (Simplified - No TRL)
2025-10-03 14:16:51 | INFO     | __main__:main:204 - ==================================================
2025-10-03 14:16:51 | INFO     | __main__:main:217 - 
Mock Data Files:
2025-10-03 14:16:51 | INFO     | __main__:main:218 - ------------------------------
2025-10-03 14:16:51 | INFO     | __main__:test_mock_data_exists:18 - Testing mock data existence...
2025-10-03 14:16:51 | INFO     | __main__:test_mock_data_exists:27 - ✓ Hospital 1: 100 cases found
2025-10-03 14:16:51 | INFO     | __main__:test_mock_data_exists:27 - ✓ Hospital 2: 100 cases found
2025-10-03 14:16:51 | INFO     | __main__:test_mock_data_exists:27 - ✓ Hospital 3: 100 cases found
2025-10-03 14:16:51 | INFO     | __main__:test_mock_data_exists:27 - ✓ Hospital 4: 100 cases found
2025-10-03 14:16:51 | INFO     | __main__:main:217 - 
Configuration Files:
2025-10-03 14:16:51 | INFO     | __main__:main:218 - ------------------------------
2025-10-03 14:16:51 | INFO     | __main__:test_config_exists:45 - Testing configuration files...
2025-10-03 14:16:51 | INFO     | __main__:test_config_exists:49 - ✓ Config file exists: app\fl\config\model_config.yaml
2025-10-03 14:16:51 | INFO     | __main__:test_config_exists:56 - ✓ Config file is readable
2025-10-03 14:16:51 | INFO     | __main__:main:217 - 
Database Connection:
2025-10-03 14:16:51 | INFO     | __main__:main:218 - ------------------------------
2025-10-03 14:16:51 | INFO     | __main__:test_database_connection:68 - Testing database connection...
2025-10-03 14:16:51 | ERROR    | __main__:test_database_connection:78 - ✗ Database connection failed: Textual SQL expression 'SELECT 1' should be explicitly declared as text('SELECT 1')
2025-10-03 14:16:51 | INFO     | __main__:test_database_connection:79 -   Make sure PostgreSQL container is running
2025-10-03 14:16:51 | INFO     | __main__:main:217 - 
Hospital Records:
2025-10-03 14:16:51 | INFO     | __main__:main:218 - ------------------------------
2025-10-03 14:16:51 | INFO     | __main__:test_hospitals_in_db:85 - Testing hospital records...
2025-10-03 14:16:51 | INFO     | __main__:test_hospitals_in_db:115 - ✓ Found 4 hospitals
2025-10-03 14:16:51 | INFO     | __main__:test_hospitals_in_db:118 -   - HOSP001: Test Hospital 1
2025-10-03 14:16:51 | INFO     | __main__:test_hospitals_in_db:118 -   - HOSP002: Test Hospital 2
2025-10-03 14:16:51 | INFO     | __main__:test_hospitals_in_db:118 -   - HOSP003: Test Hospital 3
2025-10-03 14:16:51 | INFO     | __main__:test_hospitals_in_db:118 -   - HOSP004: Test Hospital 4
2025-10-03 14:16:51 | INFO     | __main__:main:217 - 
Simplified FL Client:
2025-10-03 14:16:51 | INFO     | __main__:main:218 - ------------------------------
2025-10-03 14:16:51 | INFO     | __main__:test_simple_fl_client:129 - Testing simplified FL client...
2025-10-03 14:16:51 | ERROR    | __main__:test_simple_fl_client:160 - ✗ Cannot import simplified client: No module named 'app.fl.client.client_app_simple_fixed'
2025-10-03 14:16:51 | INFO     | __main__:test_simple_fl_client:161 -   Creating the fixed client file...
2025-10-03 14:16:51 | INFO     | __main__:test_simple_fl_client:168 -   File will be created by fix script
2025-10-03 14:16:51 | INFO     | __main__:main:217 - 
Training Service:
2025-10-03 14:16:51 | INFO     | __main__:main:218 - ------------------------------
2025-10-03 14:16:51 | INFO     | __main__:test_training_service:180 - Testing training service...
2025-10-03 14:16:51 | INFO     | __main__:test_training_service:184 - ✓ Training service can be imported
2025-10-03 14:16:51 | INFO     | __main__:test_training_service:188 - ✓ Active sessions: 0
2025-10-03 14:16:51 | INFO     | __main__:main:227 - 
==================================================
2025-10-03 14:16:51 | INFO     | __main__:main:228 - Test Summary
2025-10-03 14:16:51 | INFO     | __main__:main:229 - ==================================================
2025-10-03 14:16:51 | INFO     | __main__:main:233 - Mock Data Files: ✓ PASSED
2025-10-03 14:16:51 | INFO     | __main__:main:233 - Configuration Files: ✓ PASSED
2025-10-03 14:16:51 | INFO     | __main__:main:233 - Database Connection: ✗ FAILED
2025-10-03 14:16:51 | INFO     | __main__:main:233 - Hospital Records: ✓ PASSED
2025-10-03 14:16:51 | INFO     | __main__:main:233 - Simplified FL Client: ✗ FAILED
2025-10-03 14:16:51 | INFO     | __main__:main:233 - Training Service: ✓ PASSED
2025-10-03 14:16:51 | INFO     | __main__:main:242 - 
⚠️ Some tests failed
2025-10-03 14:16:51 | INFO     | __main__:main:243 - 
Suggested fixes:
2025-10-03 14:16:51 | INFO     | __main__:main:249 - 2. Start Docker: docker-compose up -d
2025-10-03 14:16:51 | INFO     | __main__:main:252 - 3. Ensure client_app_simple.py was created from earlier steps
2025-10-03 14:17:04 | INFO     | app.utils.logger:setup_logging:71 - Starting Surgical-Optimizer v1.0.0
2025-10-03 14:17:04 | INFO     | app.utils.logger:setup_logging:72 - Environment: development
2025-10-03 14:17:04 | INFO     | app.utils.logger:setup_logging:73 - Debug mode: True
2025-10-03 14:17:04 | INFO     | app.utils.logger:setup_logging:74 - Log level: INFO
2025-10-03 14:17:05 | INFO     | __main__:main:202 - ==================================================
2025-10-03 14:17:05 | INFO     | __main__:main:203 - FL Components Test (Simplified - No TRL)
2025-10-03 14:17:05 | INFO     | __main__:main:204 - ==================================================
2025-10-03 14:17:05 | INFO     | __main__:main:217 - 
Mock Data Files:
2025-10-03 14:17:05 | INFO     | __main__:main:218 - ------------------------------
2025-10-03 14:17:05 | INFO     | __main__:test_mock_data_exists:18 - Testing mock data existence...
2025-10-03 14:17:05 | INFO     | __main__:test_mock_data_exists:27 - ✓ Hospital 1: 100 cases found
2025-10-03 14:17:05 | INFO     | __main__:test_mock_data_exists:27 - ✓ Hospital 2: 100 cases found
2025-10-03 14:17:05 | INFO     | __main__:test_mock_data_exists:27 - ✓ Hospital 3: 100 cases found
2025-10-03 14:17:05 | INFO     | __main__:test_mock_data_exists:27 - ✓ Hospital 4: 100 cases found
2025-10-03 14:17:05 | INFO     | __main__:main:217 - 
Configuration Files:
2025-10-03 14:17:05 | INFO     | __main__:main:218 - ------------------------------
2025-10-03 14:17:05 | INFO     | __main__:test_config_exists:45 - Testing configuration files...
2025-10-03 14:17:05 | INFO     | __main__:test_config_exists:49 - ✓ Config file exists: app\fl\config\model_config.yaml
2025-10-03 14:17:05 | INFO     | __main__:test_config_exists:56 - ✓ Config file is readable
2025-10-03 14:17:05 | INFO     | __main__:main:217 - 
Database Connection:
2025-10-03 14:17:05 | INFO     | __main__:main:218 - ------------------------------
2025-10-03 14:17:05 | INFO     | __main__:test_database_connection:68 - Testing database connection...
2025-10-03 14:17:05 | ERROR    | __main__:test_database_connection:78 - ✗ Database connection failed: Textual SQL expression 'SELECT 1' should be explicitly declared as text('SELECT 1')
2025-10-03 14:17:05 | INFO     | __main__:test_database_connection:79 -   Make sure PostgreSQL container is running
2025-10-03 14:17:05 | INFO     | __main__:main:217 - 
Hospital Records:
2025-10-03 14:17:05 | INFO     | __main__:main:218 - ------------------------------
2025-10-03 14:17:05 | INFO     | __main__:test_hospitals_in_db:85 - Testing hospital records...
2025-10-03 14:17:05 | INFO     | __main__:test_hospitals_in_db:115 - ✓ Found 4 hospitals
2025-10-03 14:17:05 | INFO     | __main__:test_hospitals_in_db:118 -   - HOSP001: Test Hospital 1
2025-10-03 14:17:05 | INFO     | __main__:test_hospitals_in_db:118 -   - HOSP002: Test Hospital 2
2025-10-03 14:17:05 | INFO     | __main__:test_hospitals_in_db:118 -   - HOSP003: Test Hospital 3
2025-10-03 14:17:05 | INFO     | __main__:test_hospitals_in_db:118 -   - HOSP004: Test Hospital 4
2025-10-03 14:17:05 | INFO     | __main__:main:217 - 
Simplified FL Client:
2025-10-03 14:17:05 | INFO     | __main__:main:218 - ------------------------------
2025-10-03 14:17:05 | INFO     | __main__:test_simple_fl_client:129 - Testing simplified FL client...
2025-10-03 14:17:05 | ERROR    | __main__:test_simple_fl_client:160 - ✗ Cannot import simplified client: No module named 'app.fl.client.client_app_simple_fixed'
2025-10-03 14:17:05 | INFO     | __main__:test_simple_fl_client:161 -   Creating the fixed client file...
2025-10-03 14:17:05 | INFO     | __main__:test_simple_fl_client:168 -   File will be created by fix script
2025-10-03 14:17:05 | INFO     | __main__:main:217 - 
Training Service:
2025-10-03 14:17:05 | INFO     | __main__:main:218 - ------------------------------
2025-10-03 14:17:05 | INFO     | __main__:test_training_service:180 - Testing training service...
2025-10-03 14:17:05 | INFO     | __main__:test_training_service:184 - ✓ Training service can be imported
2025-10-03 14:17:05 | INFO     | __main__:test_training_service:188 - ✓ Active sessions: 0
2025-10-03 14:17:05 | INFO     | __main__:main:227 - 
==================================================
2025-10-03 14:17:05 | INFO     | __main__:main:228 - Test Summary
2025-10-03 14:17:05 | INFO     | __main__:main:229 - ==================================================
2025-10-03 14:17:05 | INFO     | __main__:main:233 - Mock Data Files: ✓ PASSED
2025-10-03 14:17:05 | INFO     | __main__:main:233 - Configuration Files: ✓ PASSED
2025-10-03 14:17:05 | INFO     | __main__:main:233 - Database Connection: ✗ FAILED
2025-10-03 14:17:05 | INFO     | __main__:main:233 - Hospital Records: ✓ PASSED
2025-10-03 14:17:05 | INFO     | __main__:main:233 - Simplified FL Client: ✗ FAILED
2025-10-03 14:17:05 | INFO     | __main__:main:233 - Training Service: ✓ PASSED
2025-10-03 14:17:05 | INFO     | __main__:main:242 - 
⚠️ Some tests failed
2025-10-03 14:17:05 | INFO     | __main__:main:243 - 
Suggested fixes:
2025-10-03 14:17:05 | INFO     | __main__:main:249 - 2. Start Docker: docker-compose up -d
2025-10-03 14:17:05 | INFO     | __main__:main:252 - 3. Ensure client_app_simple.py was created from earlier steps
2025-10-03 14:20:38 | INFO     | app.utils.logger:setup_logging:71 - Starting Surgical-Optimizer v1.0.0
2025-10-03 14:20:38 | INFO     | app.utils.logger:setup_logging:72 - Environment: development
2025-10-03 14:20:38 | INFO     | app.utils.logger:setup_logging:73 - Debug mode: True
2025-10-03 14:20:38 | INFO     | app.utils.logger:setup_logging:74 - Log level: INFO
2025-10-03 14:20:38 | INFO     | __main__:main:202 - ==================================================
2025-10-03 14:20:38 | INFO     | __main__:main:203 - FL Components Test (Simplified - No TRL)
2025-10-03 14:20:38 | INFO     | __main__:main:204 - ==================================================
2025-10-03 14:20:38 | INFO     | __main__:main:217 - 
Mock Data Files:
2025-10-03 14:20:38 | INFO     | __main__:main:218 - ------------------------------
2025-10-03 14:20:38 | INFO     | __main__:test_mock_data_exists:18 - Testing mock data existence...
2025-10-03 14:20:38 | INFO     | __main__:test_mock_data_exists:27 - ✓ Hospital 1: 100 cases found
2025-10-03 14:20:38 | INFO     | __main__:test_mock_data_exists:27 - ✓ Hospital 2: 100 cases found
2025-10-03 14:20:38 | INFO     | __main__:test_mock_data_exists:27 - ✓ Hospital 3: 100 cases found
2025-10-03 14:20:38 | INFO     | __main__:test_mock_data_exists:27 - ✓ Hospital 4: 100 cases found
2025-10-03 14:20:38 | INFO     | __main__:main:217 - 
Configuration Files:
2025-10-03 14:20:38 | INFO     | __main__:main:218 - ------------------------------
2025-10-03 14:20:38 | INFO     | __main__:test_config_exists:45 - Testing configuration files...
2025-10-03 14:20:38 | INFO     | __main__:test_config_exists:49 - ✓ Config file exists: app\fl\config\model_config.yaml
2025-10-03 14:20:38 | INFO     | __main__:test_config_exists:56 - ✓ Config file is readable
2025-10-03 14:20:38 | INFO     | __main__:main:217 - 
Database Connection:
2025-10-03 14:20:38 | INFO     | __main__:main:218 - ------------------------------
2025-10-03 14:20:38 | INFO     | __main__:test_database_connection:68 - Testing database connection...
2025-10-03 14:20:38 | INFO     | __main__:test_database_connection:75 - ✓ Database connection successful
2025-10-03 14:20:38 | INFO     | __main__:main:217 - 
Hospital Records:
2025-10-03 14:20:38 | INFO     | __main__:main:218 - ------------------------------
2025-10-03 14:20:38 | INFO     | __main__:test_hospitals_in_db:85 - Testing hospital records...
2025-10-03 14:20:38 | INFO     | __main__:test_hospitals_in_db:115 - ✓ Found 4 hospitals
2025-10-03 14:20:38 | INFO     | __main__:test_hospitals_in_db:118 -   - HOSP001: Test Hospital 1
2025-10-03 14:20:38 | INFO     | __main__:test_hospitals_in_db:118 -   - HOSP002: Test Hospital 2
2025-10-03 14:20:38 | INFO     | __main__:test_hospitals_in_db:118 -   - HOSP003: Test Hospital 3
2025-10-03 14:20:38 | INFO     | __main__:test_hospitals_in_db:118 -   - HOSP004: Test Hospital 4
2025-10-03 14:20:38 | INFO     | __main__:main:217 - 
Simplified FL Client:
2025-10-03 14:20:38 | INFO     | __main__:main:218 - ------------------------------
2025-10-03 14:20:38 | INFO     | __main__:test_simple_fl_client:129 - Testing simplified FL client...
2025-10-03 14:20:38 | ERROR    | __main__:test_simple_fl_client:160 - ✗ Cannot import simplified client: No module named 'app.fl.client.client_app_simple_fixed'
2025-10-03 14:20:38 | INFO     | __main__:test_simple_fl_client:161 -   Creating the fixed client file...
2025-10-03 14:20:38 | INFO     | __main__:test_simple_fl_client:168 -   File will be created by fix script
2025-10-03 14:20:38 | INFO     | __main__:main:217 - 
Training Service:
2025-10-03 14:20:38 | INFO     | __main__:main:218 - ------------------------------
2025-10-03 14:20:38 | INFO     | __main__:test_training_service:180 - Testing training service...
2025-10-03 14:20:38 | INFO     | __main__:test_training_service:184 - ✓ Training service can be imported
2025-10-03 14:20:38 | INFO     | __main__:test_training_service:188 - ✓ Active sessions: 0
2025-10-03 14:20:38 | INFO     | __main__:main:227 - 
==================================================
2025-10-03 14:20:38 | INFO     | __main__:main:228 - Test Summary
2025-10-03 14:20:38 | INFO     | __main__:main:229 - ==================================================
2025-10-03 14:20:38 | INFO     | __main__:main:233 - Mock Data Files: ✓ PASSED
2025-10-03 14:20:38 | INFO     | __main__:main:233 - Configuration Files: ✓ PASSED
2025-10-03 14:20:38 | INFO     | __main__:main:233 - Database Connection: ✓ PASSED
2025-10-03 14:20:38 | INFO     | __main__:main:233 - Hospital Records: ✓ PASSED
2025-10-03 14:20:38 | INFO     | __main__:main:233 - Simplified FL Client: ✗ FAILED
2025-10-03 14:20:38 | INFO     | __main__:main:233 - Training Service: ✓ PASSED
2025-10-03 14:20:38 | INFO     | __main__:main:242 - 
⚠️ Some tests failed
2025-10-03 14:20:38 | INFO     | __main__:main:243 - 
Suggested fixes:
2025-10-03 14:20:38 | INFO     | __main__:main:252 - 3. Ensure client_app_simple.py was created from earlier steps
2025-10-03 14:24:15 | INFO     | app.utils.logger:setup_logging:71 - Starting Surgical-Optimizer v1.0.0
2025-10-03 14:24:15 | INFO     | app.utils.logger:setup_logging:72 - Environment: development
2025-10-03 14:24:15 | INFO     | app.utils.logger:setup_logging:73 - Debug mode: True
2025-10-03 14:24:15 | INFO     | app.utils.logger:setup_logging:74 - Log level: INFO
2025-10-03 14:24:15 | INFO     | __main__:main:202 - ==================================================
2025-10-03 14:24:15 | INFO     | __main__:main:203 - FL Components Test (Simplified - No TRL)
2025-10-03 14:24:15 | INFO     | __main__:main:204 - ==================================================
2025-10-03 14:24:15 | INFO     | __main__:main:217 - 
Mock Data Files:
2025-10-03 14:24:15 | INFO     | __main__:main:218 - ------------------------------
2025-10-03 14:24:15 | INFO     | __main__:test_mock_data_exists:18 - Testing mock data existence...
2025-10-03 14:24:15 | INFO     | __main__:test_mock_data_exists:27 - ✓ Hospital 1: 100 cases found
2025-10-03 14:24:15 | INFO     | __main__:test_mock_data_exists:27 - ✓ Hospital 2: 100 cases found
2025-10-03 14:24:15 | INFO     | __main__:test_mock_data_exists:27 - ✓ Hospital 3: 100 cases found
2025-10-03 14:24:15 | INFO     | __main__:test_mock_data_exists:27 - ✓ Hospital 4: 100 cases found
2025-10-03 14:24:15 | INFO     | __main__:main:217 - 
Configuration Files:
2025-10-03 14:24:15 | INFO     | __main__:main:218 - ------------------------------
2025-10-03 14:24:15 | INFO     | __main__:test_config_exists:45 - Testing configuration files...
2025-10-03 14:24:15 | INFO     | __main__:test_config_exists:49 - ✓ Config file exists: app\fl\config\model_config.yaml
2025-10-03 14:24:15 | INFO     | __main__:test_config_exists:56 - ✓ Config file is readable
2025-10-03 14:24:15 | INFO     | __main__:main:217 - 
Database Connection:
2025-10-03 14:24:15 | INFO     | __main__:main:218 - ------------------------------
2025-10-03 14:24:15 | INFO     | __main__:test_database_connection:68 - Testing database connection...
2025-10-03 14:24:15 | INFO     | __main__:test_database_connection:75 - ✓ Database connection successful
2025-10-03 14:24:15 | INFO     | __main__:main:217 - 
Hospital Records:
2025-10-03 14:24:15 | INFO     | __main__:main:218 - ------------------------------
2025-10-03 14:24:15 | INFO     | __main__:test_hospitals_in_db:85 - Testing hospital records...
2025-10-03 14:24:15 | INFO     | __main__:test_hospitals_in_db:115 - ✓ Found 4 hospitals
2025-10-03 14:24:15 | INFO     | __main__:test_hospitals_in_db:118 -   - HOSP001: Test Hospital 1
2025-10-03 14:24:15 | INFO     | __main__:test_hospitals_in_db:118 -   - HOSP002: Test Hospital 2
2025-10-03 14:24:15 | INFO     | __main__:test_hospitals_in_db:118 -   - HOSP003: Test Hospital 3
2025-10-03 14:24:15 | INFO     | __main__:test_hospitals_in_db:118 -   - HOSP004: Test Hospital 4
2025-10-03 14:24:15 | INFO     | __main__:main:217 - 
Simplified FL Client:
2025-10-03 14:24:15 | INFO     | __main__:main:218 - ------------------------------
2025-10-03 14:24:15 | INFO     | __main__:test_simple_fl_client:129 - Testing simplified FL client...
2025-10-03 14:24:16 | INFO     | app.fl.client.client_app_simple:__init__:24 - Initializing simplified FL client for hospital 1
2025-10-03 14:24:16 | INFO     | app.fl.client.client_app_simple:fit:43 - Hospital 1: Round 1
2025-10-03 14:24:16 | INFO     | __main__:test_simple_fl_client:153 - ✓ Simplified FL client works
2025-10-03 14:24:16 | INFO     | __main__:test_simple_fl_client:154 -   Samples: 100
2025-10-03 14:24:16 | INFO     | __main__:test_simple_fl_client:155 -   Loss: 1.7138
2025-10-03 14:24:16 | INFO     | __main__:main:217 - 
Training Service:
2025-10-03 14:24:16 | INFO     | __main__:main:218 - ------------------------------
2025-10-03 14:24:16 | INFO     | __main__:test_training_service:180 - Testing training service...
2025-10-03 14:24:16 | INFO     | __main__:test_training_service:184 - ✓ Training service can be imported
2025-10-03 14:24:16 | INFO     | __main__:test_training_service:188 - ✓ Active sessions: 0
2025-10-03 14:24:16 | INFO     | __main__:main:227 - 
==================================================
2025-10-03 14:24:16 | INFO     | __main__:main:228 - Test Summary
2025-10-03 14:24:16 | INFO     | __main__:main:229 - ==================================================
2025-10-03 14:24:16 | INFO     | __main__:main:233 - Mock Data Files: ✓ PASSED
2025-10-03 14:24:16 | INFO     | __main__:main:233 - Configuration Files: ✓ PASSED
2025-10-03 14:24:16 | INFO     | __main__:main:233 - Database Connection: ✓ PASSED
2025-10-03 14:24:16 | INFO     | __main__:main:233 - Hospital Records: ✓ PASSED
2025-10-03 14:24:16 | INFO     | __main__:main:233 - Simplified FL Client: ✓ PASSED
2025-10-03 14:24:16 | INFO     | __main__:main:233 - Training Service: ✓ PASSED
2025-10-03 14:24:16 | INFO     | __main__:main:238 - 
✅ All tests passed!
2025-10-03 14:24:16 | INFO     | __main__:main:239 - 
Next: Start the API server
2025-10-03 14:24:16 | INFO     | __main__:main:240 -   python -m uvicorn app.main:app --reload
2025-10-03 15:02:03 | INFO     | app.utils.logger:setup_logging:71 - Starting Surgical-Optimizer v1.0.0
2025-10-03 15:02:03 | INFO     | app.utils.logger:setup_logging:72 - Environment: development
2025-10-03 15:02:03 | INFO     | app.utils.logger:setup_logging:73 - Debug mode: True
2025-10-03 15:02:03 | INFO     | app.utils.logger:setup_logging:74 - Log level: INFO
2025-10-03 15:02:03 | INFO     | app.db.redis_client:_connect:45 - Successfully connected to Redis
2025-10-03 15:02:03 | INFO     | app.main:lifespan:24 - Starting up Surgical Optimizer application...
2025-10-03 15:02:04 | INFO     | app.db.base:init_db:78 - Database tables created successfully
2025-10-03 15:02:04 | INFO     | app.main:lifespan:29 - Database initialized successfully
2025-10-03 15:02:04 | INFO     | app.main:lifespan:36 - Redis connection established
2025-10-03 15:02:04 | INFO     | app.main:lifespan:40 - Application startup complete
2025-10-03 17:43:48 | INFO     | app.main:lifespan:45 - Shutting down application...
2025-10-03 17:43:48 | INFO     | app.db.redis_client:close:185 - Redis connection closed
2025-10-03 17:43:48 | INFO     | app.main:lifespan:53 - Application shutdown complete
2025-10-04 12:48:39 | INFO     | app.utils.logger:setup_logging:71 - Starting Surgical-Optimizer v1.0.0
2025-10-04 12:48:39 | INFO     | app.utils.logger:setup_logging:72 - Environment: development
2025-10-04 12:48:39 | INFO     | app.utils.logger:setup_logging:73 - Debug mode: True
2025-10-04 12:48:39 | INFO     | app.utils.logger:setup_logging:74 - Log level: INFO
2025-10-04 12:48:39 | INFO     | __main__:main:79 - ==================================================
2025-10-04 12:48:39 | INFO     | __main__:main:80 - Phase 1: Immediate Fixes - Testing
2025-10-04 12:48:39 | INFO     | __main__:main:81 - ==================================================
2025-10-04 12:48:39 | INFO     | __main__:test_auth_endpoints:16 - Testing authentication endpoints...
2025-10-04 12:48:43 | ERROR    | __main__:test_auth_endpoints:47 - ✗ Auth test failed: HTTPConnectionPool(host='localhost', port=8000): Max retries exceeded with url: /api/v1/auth/login (Caused by NewConnectionError('<urllib3.connection.HTTPConnection object at 0x000001AF1106A0C0>: Failed to establish a new connection: [WinError 10061] No connection could be made because the target machine actively refused it'))
2025-10-04 12:48:43 | INFO     | __main__:test_working_client:51 - Testing working FL client...
2025-10-04 12:48:56 | INFO     | app.fl.client.client_app_working:__init__:73 - Initializing working FL client for hospital test_auth
2025-10-04 12:48:56 | INFO     | app.fl.client.client_app_working:__init__:74 - Using device: cpu
2025-10-04 13:08:30 | INFO     | app.utils.logger:setup_logging:71 - Starting Surgical-Optimizer v1.0.0
2025-10-04 13:08:30 | INFO     | app.utils.logger:setup_logging:72 - Environment: development
2025-10-04 13:08:30 | INFO     | app.utils.logger:setup_logging:73 - Debug mode: True
2025-10-04 13:08:30 | INFO     | app.utils.logger:setup_logging:74 - Log level: INFO
2025-10-04 13:08:31 | INFO     | __main__:main:67 - ============================================================
2025-10-04 13:08:31 | INFO     | __main__:main:68 - REAL MODEL TRAINING & PREDICTION TEST
2025-10-04 13:08:31 | INFO     | __main__:main:69 - ============================================================
2025-10-04 13:08:31 | INFO     | __main__:main:72 - 
1. Starting new training session...
2025-10-04 13:08:31 | INFO     | __main__:start_real_training:17 - Starting real FL training session...
2025-10-04 13:08:31 | ERROR    | app.services.training:_run_fl_server:132 - FL server for session 1 failed: c:\Users\Aman\Documents\Cross-Hospital-Surgical-Optimization\backend\myenv\python.exe: No module named flwr.server.__main__; 'flwr.server' is a package and cannot be directly executed

2025-10-04 13:08:36 | INFO     | app.services.training:start_training:94 - Started training session 1 with 2 hospitals
2025-10-04 13:08:36 | INFO     | __main__:start_real_training:27 - Training session started: surgical_fl_20251004_130831
2025-10-04 13:08:36 | INFO     | __main__:start_real_training:28 - Session ID: 1
2025-10-04 13:08:36 | INFO     | __main__:start_real_training:29 - Number of rounds: 3
2025-10-04 13:08:36 | INFO     | __main__:start_real_training:32 - Waiting for training to complete...
2025-10-04 13:08:36 | INFO     | __main__:start_real_training:38 - Training failed!
2025-10-04 13:08:36 | INFO     | __main__:main:82 - 
2. Training completed! Now you can test predictions.
2025-10-04 13:08:36 | INFO     | __main__:main:83 - 
Next steps:
2025-10-04 13:08:36 | INFO     | __main__:main:84 -    - Start the server: python -m uvicorn app.main:app --reload
2025-10-04 13:08:36 | INFO     | __main__:main:85 -    - Use the prediction endpoints to test the trained model
2025-10-04 13:08:36 | INFO     | __main__:main:86 -    - Check /docs for API documentation
2025-10-04 13:19:50 | INFO     | app.utils.logger:setup_logging:71 - Starting Surgical-Optimizer v1.0.0
2025-10-04 13:19:50 | INFO     | app.utils.logger:setup_logging:72 - Environment: development
2025-10-04 13:19:50 | INFO     | app.utils.logger:setup_logging:73 - Debug mode: True
2025-10-04 13:19:50 | INFO     | app.utils.logger:setup_logging:74 - Log level: INFO
2025-10-04 13:19:50 | INFO     | __main__:main:87 - ============================================================
2025-10-04 13:19:50 | INFO     | __main__:main:88 - QUICK SETUP & TEST
2025-10-04 13:19:50 | INFO     | __main__:main:89 - ============================================================
2025-10-04 13:19:50 | INFO     | __main__:create_test_training_session:17 - Creating test training session...
2025-10-04 13:19:50 | INFO     | __main__:create_test_training_session:54 - ✓ Created test training session: test_fl_20251004_131950
2025-10-04 13:19:50 | INFO     | __main__:create_test_training_session:55 - ✓ Session ID: 2
2025-10-04 13:19:50 | INFO     | __main__:create_test_training_session:56 - ✓ Final loss: 0.45
2025-10-04 13:19:50 | INFO     | __main__:test_prediction_manager:64 - Testing prediction manager...
2025-10-04 13:19:50 | ERROR    | __main__:test_prediction_manager:81 - ✗ Prediction manager test failed: No module named 'app.api.v1.endpoints.predictions'
2025-10-04 13:19:50 | ERROR    | __main__:main:118 - 
❌ Setup failed. Please check the errors above.
2025-10-04 13:20:23 | INFO     | app.utils.logger:setup_logging:71 - Starting Surgical-Optimizer v1.0.0
2025-10-04 13:20:23 | INFO     | app.utils.logger:setup_logging:72 - Environment: development
2025-10-04 13:20:23 | INFO     | app.utils.logger:setup_logging:73 - Debug mode: True
2025-10-04 13:20:23 | INFO     | app.utils.logger:setup_logging:74 - Log level: INFO
2025-10-04 13:20:23 | INFO     | __main__:main:87 - ============================================================
2025-10-04 13:20:23 | INFO     | __main__:main:88 - QUICK SETUP & TEST
2025-10-04 13:20:23 | INFO     | __main__:main:89 - ============================================================
2025-10-04 13:20:23 | INFO     | __main__:create_test_training_session:17 - Creating test training session...
2025-10-04 13:20:23 | INFO     | __main__:create_test_training_session:26 - ✓ Found existing trained model: test_fl_20251004_131950
2025-10-04 13:20:23 | INFO     | __main__:test_prediction_manager:64 - Testing prediction manager...
2025-10-04 13:20:25 | INFO     | app.api.v1.endpoints.predictions:load_latest_model:109 - Loaded model: test_fl_20251004_131950
2025-10-04 13:20:25 | INFO     | app.api.v1.endpoints.predictions:load_latest_model:110 - Final loss: 0.45
2025-10-04 13:20:25 | INFO     | __main__:test_prediction_manager:72 - ✓ Prediction manager loaded model successfully
2025-10-04 13:20:25 | INFO     | __main__:test_prediction_manager:73 - ✓ Model: test_fl_20251004_131950
2025-10-04 13:20:25 | INFO     | __main__:test_prediction_manager:74 - ✓ Final loss: 0.45
2025-10-04 13:20:25 | INFO     | __main__:main:98 - 
🎉 Setup completed successfully!
2025-10-04 13:20:25 | INFO     | __main__:main:99 - 
Next steps:
2025-10-04 13:20:25 | INFO     | __main__:main:100 - 1. Start server: python -m uvicorn app.main:app --reload
2025-10-04 13:20:25 | INFO     | __main__:main:101 - 2. Visit: http://localhost:8000/docs
2025-10-04 13:20:25 | INFO     | __main__:main:102 - 3. Test predictions with the trained model
2025-10-04 13:20:25 | INFO     | __main__:main:103 - 
Sample prediction body:
2025-10-04 13:20:25 | INFO     | __main__:main:104 - 
{
  "patient_age": 65,
  "patient_gender": "male",
  "patient_bmi": 28.5,
  "medical_history": ["Hypertension", "Diabetes"],
  "current_medications": ["Aspirin", "Metformin"],
  "surgery_type": "cardiac",
  "procedure_name": "CABG",
  "urgency": "elective",
  "surgeon_experience_years": 15,
  "hospital_volume": "high"
}
2025-10-07 18:49:47 | INFO     | app.utils.logger:setup_logging:71 - Starting Surgical-Optimizer v1.0.0
2025-10-07 18:49:47 | INFO     | app.utils.logger:setup_logging:72 - Environment: development
2025-10-07 18:49:47 | INFO     | app.utils.logger:setup_logging:73 - Debug mode: True
2025-10-07 18:49:47 | INFO     | app.utils.logger:setup_logging:74 - Log level: INFO
2025-10-07 18:49:48 | INFO     | __main__:main:202 - ==================================================
2025-10-07 18:49:48 | INFO     | __main__:main:203 - FL Components Test (Simplified - No TRL)
2025-10-07 18:49:48 | INFO     | __main__:main:204 - ==================================================
2025-10-07 18:49:48 | INFO     | __main__:main:217 - 
Mock Data Files:
2025-10-07 18:49:48 | INFO     | __main__:main:218 - ------------------------------
2025-10-07 18:49:48 | INFO     | __main__:test_mock_data_exists:18 - Testing mock data existence...
2025-10-07 18:49:48 | INFO     | __main__:test_mock_data_exists:27 - ✓ Hospital 1: 100 cases found
2025-10-07 18:49:48 | INFO     | __main__:test_mock_data_exists:27 - ✓ Hospital 2: 100 cases found
2025-10-07 18:49:48 | INFO     | __main__:test_mock_data_exists:27 - ✓ Hospital 3: 100 cases found
2025-10-07 18:49:48 | INFO     | __main__:test_mock_data_exists:27 - ✓ Hospital 4: 100 cases found
2025-10-07 18:49:48 | INFO     | __main__:main:217 - 
Configuration Files:
2025-10-07 18:49:48 | INFO     | __main__:main:218 - ------------------------------
2025-10-07 18:49:48 | INFO     | __main__:test_config_exists:45 - Testing configuration files...
2025-10-07 18:49:48 | INFO     | __main__:test_config_exists:49 - ✓ Config file exists: app\fl\config\model_config.yaml
2025-10-07 18:49:48 | INFO     | __main__:test_config_exists:56 - ✓ Config file is readable
2025-10-07 18:49:48 | INFO     | __main__:main:217 - 
Database Connection:
2025-10-07 18:49:48 | INFO     | __main__:main:218 - ------------------------------
2025-10-07 18:49:48 | INFO     | __main__:test_database_connection:68 - Testing database connection...
2025-10-07 18:49:52 | ERROR    | __main__:test_database_connection:78 - ✗ Database connection failed: (psycopg2.OperationalError) connection to server at "localhost" (::1), port 5435 failed: Connection refused (0x0000274D/10061)
	Is the server running on that host and accepting TCP/IP connections?
connection to server at "localhost" (127.0.0.1), port 5435 failed: Connection refused (0x0000274D/10061)
	Is the server running on that host and accepting TCP/IP connections?

(Background on this error at: https://sqlalche.me/e/20/e3q8)
2025-10-07 18:49:52 | INFO     | __main__:test_database_connection:79 -   Make sure PostgreSQL container is running
2025-10-07 18:49:52 | INFO     | __main__:main:217 - 
Hospital Records:
2025-10-07 18:49:52 | INFO     | __main__:main:218 - ------------------------------
2025-10-07 18:49:52 | INFO     | __main__:test_hospitals_in_db:85 - Testing hospital records...
2025-10-07 18:49:57 | ERROR    | __main__:test_hospitals_in_db:123 - ✗ Hospital check failed: (psycopg2.OperationalError) connection to server at "localhost" (::1), port 5435 failed: Connection refused (0x0000274D/10061)
	Is the server running on that host and accepting TCP/IP connections?
connection to server at "localhost" (127.0.0.1), port 5435 failed: Connection refused (0x0000274D/10061)
	Is the server running on that host and accepting TCP/IP connections?

(Background on this error at: https://sqlalche.me/e/20/e3q8)
2025-10-07 18:49:57 | INFO     | __main__:main:217 - 
Simplified FL Client:
2025-10-07 18:49:57 | INFO     | __main__:main:218 - ------------------------------
2025-10-07 18:49:57 | INFO     | __main__:test_simple_fl_client:129 - Testing simplified FL client...
2025-10-07 21:15:18 | INFO     | app.utils.logger:setup_logging:71 - Starting Surgical-Optimizer v1.0.0
2025-10-07 21:15:18 | INFO     | app.utils.logger:setup_logging:72 - Environment: development
2025-10-07 21:15:18 | INFO     | app.utils.logger:setup_logging:73 - Debug mode: True
2025-10-07 21:15:18 | INFO     | app.utils.logger:setup_logging:74 - Log level: INFO
2025-10-07 21:15:19 | INFO     | __main__:main:202 - ==================================================
2025-10-07 21:15:19 | INFO     | __main__:main:203 - FL Components Test (Simplified - No TRL)
2025-10-07 21:15:19 | INFO     | __main__:main:204 - ==================================================
2025-10-07 21:15:19 | INFO     | __main__:main:217 - 
Mock Data Files:
2025-10-07 21:15:19 | INFO     | __main__:main:218 - ------------------------------
2025-10-07 21:15:19 | INFO     | __main__:test_mock_data_exists:18 - Testing mock data existence...
2025-10-07 21:15:19 | INFO     | __main__:test_mock_data_exists:27 - ✓ Hospital 1: 100 cases found
2025-10-07 21:15:19 | INFO     | __main__:test_mock_data_exists:27 - ✓ Hospital 2: 100 cases found
2025-10-07 21:15:19 | INFO     | __main__:test_mock_data_exists:27 - ✓ Hospital 3: 100 cases found
2025-10-07 21:15:19 | INFO     | __main__:test_mock_data_exists:27 - ✓ Hospital 4: 100 cases found
2025-10-07 21:15:19 | INFO     | __main__:main:217 - 
Configuration Files:
2025-10-07 21:15:19 | INFO     | __main__:main:218 - ------------------------------
2025-10-07 21:15:19 | INFO     | __main__:test_config_exists:45 - Testing configuration files...
2025-10-07 21:15:19 | INFO     | __main__:test_config_exists:49 - ✓ Config file exists: app\fl\config\model_config.yaml
2025-10-07 21:15:19 | INFO     | __main__:test_config_exists:56 - ✓ Config file is readable
2025-10-07 21:15:19 | INFO     | __main__:main:217 - 
Database Connection:
2025-10-07 21:15:19 | INFO     | __main__:main:218 - ------------------------------
2025-10-07 21:15:19 | INFO     | __main__:test_database_connection:68 - Testing database connection...
2025-10-07 21:15:19 | INFO     | __main__:test_database_connection:75 - ✓ Database connection successful
2025-10-07 21:15:19 | INFO     | __main__:main:217 - 
Hospital Records:
2025-10-07 21:15:19 | INFO     | __main__:main:218 - ------------------------------
2025-10-07 21:15:19 | INFO     | __main__:test_hospitals_in_db:85 - Testing hospital records...
2025-10-07 21:15:19 | INFO     | __main__:test_hospitals_in_db:115 - ✓ Found 4 hospitals
2025-10-07 21:15:19 | INFO     | __main__:test_hospitals_in_db:118 -   - HOSP001: Test Hospital 1
2025-10-07 21:15:19 | INFO     | __main__:test_hospitals_in_db:118 -   - HOSP002: Test Hospital 2
2025-10-07 21:15:19 | INFO     | __main__:test_hospitals_in_db:118 -   - HOSP003: Test Hospital 3
2025-10-07 21:15:19 | INFO     | __main__:test_hospitals_in_db:118 -   - HOSP004: Test Hospital 4
2025-10-07 21:15:19 | INFO     | __main__:main:217 - 
Simplified FL Client:
2025-10-07 21:15:19 | INFO     | __main__:main:218 - ------------------------------
2025-10-07 21:15:19 | INFO     | __main__:test_simple_fl_client:129 - Testing simplified FL client...
2025-10-07 21:15:21 | INFO     | app.fl.client.client_app_simple:__init__:24 - Initializing simplified FL client for hospital 1
2025-10-07 21:15:21 | INFO     | app.fl.client.client_app_simple:fit:43 - Hospital 1: Round 1
2025-10-07 21:15:21 | INFO     | __main__:test_simple_fl_client:153 - ✓ Simplified FL client works
2025-10-07 21:15:21 | INFO     | __main__:test_simple_fl_client:154 -   Samples: 100
2025-10-07 21:15:21 | INFO     | __main__:test_simple_fl_client:155 -   Loss: 1.8251
2025-10-07 21:15:21 | INFO     | __main__:main:217 - 
Training Service:
2025-10-07 21:15:21 | INFO     | __main__:main:218 - ------------------------------
2025-10-07 21:15:21 | INFO     | __main__:test_training_service:180 - Testing training service...
2025-10-07 21:15:21 | INFO     | __main__:test_training_service:184 - ✓ Training service can be imported
2025-10-07 21:15:21 | INFO     | __main__:test_training_service:188 - ✓ Active sessions: 0
2025-10-07 21:15:21 | INFO     | __main__:main:227 - 
==================================================
2025-10-07 21:15:21 | INFO     | __main__:main:228 - Test Summary
2025-10-07 21:15:21 | INFO     | __main__:main:229 - ==================================================
2025-10-07 21:15:21 | INFO     | __main__:main:233 - Mock Data Files: ✓ PASSED
2025-10-07 21:15:21 | INFO     | __main__:main:233 - Configuration Files: ✓ PASSED
2025-10-07 21:15:21 | INFO     | __main__:main:233 - Database Connection: ✓ PASSED
2025-10-07 21:15:21 | INFO     | __main__:main:233 - Hospital Records: ✓ PASSED
2025-10-07 21:15:21 | INFO     | __main__:main:233 - Simplified FL Client: ✓ PASSED
2025-10-07 21:15:21 | INFO     | __main__:main:233 - Training Service: ✓ PASSED
2025-10-07 21:15:21 | INFO     | __main__:main:238 - 
✅ All tests passed!
2025-10-07 21:15:21 | INFO     | __main__:main:239 - 
Next: Start the API server
2025-10-07 21:15:21 | INFO     | __main__:main:240 -   python -m uvicorn app.main:app --reload
2025-10-07 22:21:32 | INFO     | app.utils.logger:setup_logging:71 - Starting Surgical-Optimizer v1.0.0
2025-10-07 22:21:32 | INFO     | app.utils.logger:setup_logging:72 - Environment: development
2025-10-07 22:21:32 | INFO     | app.utils.logger:setup_logging:73 - Debug mode: True
2025-10-07 22:21:32 | INFO     | app.utils.logger:setup_logging:74 - Log level: INFO
2025-10-07 22:32:57 | INFO     | app.utils.logger:setup_logging:71 - Starting Surgical-Optimizer v1.0.0
2025-10-07 22:32:57 | INFO     | app.utils.logger:setup_logging:72 - Environment: development
2025-10-07 22:32:57 | INFO     | app.utils.logger:setup_logging:73 - Debug mode: True
2025-10-07 22:32:57 | INFO     | app.utils.logger:setup_logging:74 - Log level: INFO
2025-10-07 22:34:24 | INFO     | app.utils.logger:setup_logging:71 - Starting Surgical-Optimizer v1.0.0
2025-10-07 22:34:24 | INFO     | app.utils.logger:setup_logging:72 - Environment: development
2025-10-07 22:34:24 | INFO     | app.utils.logger:setup_logging:73 - Debug mode: True
2025-10-07 22:34:24 | INFO     | app.utils.logger:setup_logging:74 - Log level: INFO
2025-10-07 22:34:39 | INFO     | app.utils.logger:setup_logging:71 - Starting Surgical-Optimizer v1.0.0
2025-10-07 22:34:39 | INFO     | app.utils.logger:setup_logging:72 - Environment: development
2025-10-07 22:34:39 | INFO     | app.utils.logger:setup_logging:73 - Debug mode: True
2025-10-07 22:34:39 | INFO     | app.utils.logger:setup_logging:74 - Log level: INFO
2025-10-07 22:35:37 | INFO     | app.utils.logger:setup_logging:71 - Starting Surgical-Optimizer v1.0.0
2025-10-07 22:35:37 | INFO     | app.utils.logger:setup_logging:72 - Environment: development
2025-10-07 22:35:37 | INFO     | app.utils.logger:setup_logging:73 - Debug mode: True
2025-10-07 22:35:37 | INFO     | app.utils.logger:setup_logging:74 - Log level: INFO
2025-10-07 23:27:42 | INFO     | app.utils.logger:setup_logging:71 - Starting Surgical-Optimizer v1.0.0
2025-10-07 23:27:42 | INFO     | app.utils.logger:setup_logging:72 - Environment: development
2025-10-07 23:27:42 | INFO     | app.utils.logger:setup_logging:73 - Debug mode: True
2025-10-07 23:27:42 | INFO     | app.utils.logger:setup_logging:74 - Log level: INFO
2025-10-07 23:29:07 | INFO     | app.utils.logger:setup_logging:71 - Starting Surgical-Optimizer v1.0.0
2025-10-07 23:29:07 | INFO     | app.utils.logger:setup_logging:72 - Environment: development
2025-10-07 23:29:07 | INFO     | app.utils.logger:setup_logging:73 - Debug mode: True
2025-10-07 23:29:07 | INFO     | app.utils.logger:setup_logging:74 - Log level: INFO
2025-10-07 23:29:08 | INFO     | app.db.redis_client:_connect:45 - Successfully connected to Redis
2025-10-07 23:29:43 | INFO     | app.utils.logger:setup_logging:71 - Starting Surgical-Optimizer v1.0.0
2025-10-07 23:29:43 | INFO     | app.utils.logger:setup_logging:72 - Environment: development
2025-10-07 23:29:43 | INFO     | app.utils.logger:setup_logging:73 - Debug mode: True
2025-10-07 23:29:43 | INFO     | app.utils.logger:setup_logging:74 - Log level: INFO
2025-10-07 23:29:44 | INFO     | app.db.redis_client:_connect:45 - Successfully connected to Redis
2025-10-07 23:29:44 | INFO     | app.main:lifespan:24 - Starting up Surgical Optimizer application...
2025-10-07 23:29:44 | INFO     | app.db.base:init_db:78 - Database tables created successfully
2025-10-07 23:29:44 | INFO     | app.main:lifespan:29 - Database initialized successfully
2025-10-07 23:29:44 | INFO     | app.main:lifespan:36 - Redis connection established
2025-10-07 23:29:44 | INFO     | app.main:lifespan:40 - Application startup complete
2025-10-07 23:30:01 | INFO     | app.utils.logger:setup_logging:71 - Starting Surgical-Optimizer v1.0.0
2025-10-07 23:30:01 | INFO     | app.utils.logger:setup_logging:72 - Environment: development
2025-10-07 23:30:01 | INFO     | app.utils.logger:setup_logging:73 - Debug mode: True
2025-10-07 23:30:01 | INFO     | app.utils.logger:setup_logging:74 - Log level: INFO
2025-10-07 23:31:09 | INFO     | app.main:lifespan:45 - Shutting down application...
2025-10-07 23:31:09 | INFO     | app.db.redis_client:close:185 - Redis connection closed
2025-10-07 23:31:09 | INFO     | app.main:lifespan:53 - Application shutdown complete
2025-10-07 23:31:09 | INFO     | app.utils.logger:setup_logging:71 - Starting Surgical-Optimizer v1.0.0
2025-10-07 23:31:09 | INFO     | app.utils.logger:setup_logging:72 - Environment: development
2025-10-07 23:31:09 | INFO     | app.utils.logger:setup_logging:73 - Debug mode: True
2025-10-07 23:31:09 | INFO     | app.utils.logger:setup_logging:74 - Log level: INFO
2025-10-07 23:31:10 | INFO     | app.db.redis_client:_connect:45 - Successfully connected to Redis
2025-10-07 23:31:10 | INFO     | app.main:lifespan:24 - Starting up Surgical Optimizer application...
2025-10-07 23:31:10 | INFO     | app.db.base:init_db:78 - Database tables created successfully
2025-10-07 23:31:10 | INFO     | app.main:lifespan:29 - Database initialized successfully
2025-10-07 23:31:10 | INFO     | app.main:lifespan:36 - Redis connection established
2025-10-07 23:31:10 | INFO     | app.main:lifespan:40 - Application startup complete
2025-10-07 23:31:11 | INFO     | app.utils.logger:setup_logging:71 - Starting Surgical-Optimizer v1.0.0
2025-10-07 23:31:11 | INFO     | app.utils.logger:setup_logging:72 - Environment: development
2025-10-07 23:31:11 | INFO     | app.utils.logger:setup_logging:73 - Debug mode: True
2025-10-07 23:31:11 | INFO     | app.utils.logger:setup_logging:74 - Log level: INFO
2025-10-07 23:31:11 | INFO     | app.db.redis_client:_connect:45 - Successfully connected to Redis
2025-10-07 23:31:11 | INFO     | app.main:lifespan:24 - Starting up Surgical Optimizer application...
2025-10-07 23:31:11 | INFO     | app.db.base:init_db:78 - Database tables created successfully
2025-10-07 23:31:11 | INFO     | app.main:lifespan:29 - Database initialized successfully
2025-10-07 23:31:11 | INFO     | app.main:lifespan:36 - Redis connection established
2025-10-07 23:31:11 | INFO     | app.main:lifespan:40 - Application startup complete
2025-10-07 23:31:14 | INFO     | app.main:lifespan:45 - Shutting down application...
2025-10-07 23:31:14 | INFO     | app.db.redis_client:close:185 - Redis connection closed
2025-10-07 23:31:14 | INFO     | app.main:lifespan:53 - Application shutdown complete
2025-10-07 23:31:18 | INFO     | app.utils.logger:setup_logging:71 - Starting Surgical-Optimizer v1.0.0
2025-10-07 23:31:18 | INFO     | app.utils.logger:setup_logging:72 - Environment: development
2025-10-07 23:31:18 | INFO     | app.utils.logger:setup_logging:73 - Debug mode: True
2025-10-07 23:31:18 | INFO     | app.utils.logger:setup_logging:74 - Log level: INFO
2025-10-07 23:31:19 | INFO     | app.db.redis_client:_connect:45 - Successfully connected to Redis
2025-10-07 23:31:19 | INFO     | app.main:lifespan:24 - Starting up Surgical Optimizer application...
2025-10-07 23:31:19 | INFO     | app.db.base:init_db:78 - Database tables created successfully
2025-10-07 23:31:19 | INFO     | app.main:lifespan:29 - Database initialized successfully
2025-10-07 23:31:19 | INFO     | app.main:lifespan:36 - Redis connection established
2025-10-07 23:31:19 | INFO     | app.main:lifespan:40 - Application startup complete
2025-10-07 23:31:29 | INFO     | app.utils.logger:setup_logging:71 - Starting Surgical-Optimizer v1.0.0
2025-10-07 23:31:29 | INFO     | app.utils.logger:setup_logging:72 - Environment: development
2025-10-07 23:31:29 | INFO     | app.utils.logger:setup_logging:73 - Debug mode: True
2025-10-07 23:31:29 | INFO     | app.utils.logger:setup_logging:74 - Log level: INFO
2025-10-07 23:32:02 | INFO     | app.utils.logger:setup_logging:71 - Starting Surgical-Optimizer v1.0.0
2025-10-07 23:32:02 | INFO     | app.utils.logger:setup_logging:72 - Environment: development
2025-10-07 23:32:02 | INFO     | app.utils.logger:setup_logging:73 - Debug mode: True
2025-10-07 23:32:02 | INFO     | app.utils.logger:setup_logging:74 - Log level: INFO
2025-10-08 01:40:04 | INFO     | app.utils.logger:setup_logging:71 - Starting Surgical-Optimizer v1.0.0
2025-10-08 01:40:04 | INFO     | app.utils.logger:setup_logging:72 - Environment: development
2025-10-08 01:40:04 | INFO     | app.utils.logger:setup_logging:73 - Debug mode: True
2025-10-08 01:40:04 | INFO     | app.utils.logger:setup_logging:74 - Log level: INFO
2025-10-08 01:48:16 | INFO     | app.main:lifespan:45 - Shutting down application...
2025-10-08 01:48:16 | INFO     | app.db.redis_client:close:185 - Redis connection closed
2025-10-08 01:48:16 | INFO     | app.main:lifespan:53 - Application shutdown complete
2025-10-08 01:48:17 | INFO     | app.utils.logger:setup_logging:71 - Starting Surgical-Optimizer v1.0.0
2025-10-08 01:48:17 | INFO     | app.utils.logger:setup_logging:72 - Environment: development
2025-10-08 01:48:17 | INFO     | app.utils.logger:setup_logging:73 - Debug mode: True
2025-10-08 01:48:17 | INFO     | app.utils.logger:setup_logging:74 - Log level: INFO
2025-10-08 01:48:18 | INFO     | app.db.redis_client:_connect:45 - Successfully connected to Redis
2025-10-08 01:48:18 | INFO     | app.main:lifespan:24 - Starting up Surgical Optimizer application...
2025-10-08 01:48:18 | INFO     | app.db.base:init_db:78 - Database tables created successfully
2025-10-08 01:48:18 | INFO     | app.main:lifespan:29 - Database initialized successfully
2025-10-08 01:48:18 | INFO     | app.main:lifespan:36 - Redis connection established
2025-10-08 01:48:18 | INFO     | app.main:lifespan:40 - Application startup complete
2025-10-08 01:48:19 | INFO     | app.utils.logger:setup_logging:71 - Starting Surgical-Optimizer v1.0.0
2025-10-08 01:48:19 | INFO     | app.utils.logger:setup_logging:72 - Environment: development
2025-10-08 01:48:19 | INFO     | app.utils.logger:setup_logging:73 - Debug mode: True
2025-10-08 01:48:19 | INFO     | app.utils.logger:setup_logging:74 - Log level: INFO
2025-10-08 01:48:19 | INFO     | app.db.redis_client:_connect:45 - Successfully connected to Redis
2025-10-08 01:48:19 | INFO     | app.main:lifespan:24 - Starting up Surgical Optimizer application...
2025-10-08 01:48:19 | INFO     | app.db.base:init_db:78 - Database tables created successfully
2025-10-08 01:48:19 | INFO     | app.main:lifespan:29 - Database initialized successfully
2025-10-08 01:48:19 | INFO     | app.main:lifespan:36 - Redis connection established
2025-10-08 01:48:19 | INFO     | app.main:lifespan:40 - Application startup complete
2025-10-08 01:49:42 | INFO     | app.main:lifespan:45 - Shutting down application...
2025-10-08 01:49:42 | INFO     | app.db.redis_client:close:185 - Redis connection closed
2025-10-08 01:49:42 | INFO     | app.main:lifespan:53 - Application shutdown complete
2025-10-08 01:49:43 | INFO     | app.utils.logger:setup_logging:71 - Starting Surgical-Optimizer v1.0.0
2025-10-08 01:49:43 | INFO     | app.utils.logger:setup_logging:72 - Environment: development
2025-10-08 01:49:43 | INFO     | app.utils.logger:setup_logging:73 - Debug mode: True
2025-10-08 01:49:43 | INFO     | app.utils.logger:setup_logging:74 - Log level: INFO
2025-10-08 01:49:43 | INFO     | app.db.redis_client:_connect:45 - Successfully connected to Redis
2025-10-08 01:49:43 | INFO     | app.main:lifespan:24 - Starting up Surgical Optimizer application...
2025-10-08 01:49:43 | INFO     | app.db.base:init_db:78 - Database tables created successfully
2025-10-08 01:49:43 | INFO     | app.main:lifespan:29 - Database initialized successfully
2025-10-08 01:49:43 | INFO     | app.main:lifespan:36 - Redis connection established
2025-10-08 01:49:43 | INFO     | app.main:lifespan:40 - Application startup complete
2025-10-08 01:49:44 | INFO     | app.utils.logger:setup_logging:71 - Starting Surgical-Optimizer v1.0.0
2025-10-08 01:49:44 | INFO     | app.utils.logger:setup_logging:72 - Environment: development
2025-10-08 01:49:44 | INFO     | app.utils.logger:setup_logging:73 - Debug mode: True
2025-10-08 01:49:44 | INFO     | app.utils.logger:setup_logging:74 - Log level: INFO
2025-10-08 01:49:44 | INFO     | app.db.redis_client:_connect:45 - Successfully connected to Redis
2025-10-08 01:49:45 | INFO     | app.main:lifespan:24 - Starting up Surgical Optimizer application...
2025-10-08 01:49:45 | INFO     | app.db.base:init_db:78 - Database tables created successfully
2025-10-08 01:49:45 | INFO     | app.main:lifespan:29 - Database initialized successfully
2025-10-08 01:49:45 | INFO     | app.main:lifespan:36 - Redis connection established
2025-10-08 01:49:45 | INFO     | app.main:lifespan:40 - Application startup complete
2025-10-08 01:49:45 | INFO     | app.api.v1.endpoints.auth:login_user:142 - User logged in: admin@surgical-optimizer.com
